  client.cpp
C:\Users\dongh\source\repos\컴포넌트 엔진\client\game\core.h(247,41): warning C4244: '=': 'double'에서 'float'(으)로 변환하면서 데이터가 손실될 수 있습니다.
C:\Users\dongh\source\repos\컴포넌트 엔진\client\game\particle.h(20,42): warning C4244: '인수': 'int'에서 'float'(으)로 변환하면서 데이터가 손실될 수 있습니다.
C:\Users\dongh\source\repos\컴포넌트 엔진\client\game\needHuman.h(70,19): warning C4244: '=': 'int'에서 'float'(으)로 변환하면서 데이터가 손실될 수 있습니다.
C:\Users\dongh\source\repos\컴포넌트 엔진\client\game\render.h(41,3): warning C4996: 'wcscpy': This function or variable may be unsafe. Consider using wcscpy_s instead. To disable deprecation, use _CRT_SECURE_NO_WARNINGS. See online help for details.
C:\Users\dongh\source\repos\컴포넌트 엔진\client\game\render.h(42,3): warning C4996: 'wcscat': This function or variable may be unsafe. Consider using wcscat_s instead. To disable deprecation, use _CRT_SECURE_NO_WARNINGS. See online help for details.
C:\Users\dongh\source\repos\컴포넌트 엔진\client\game\render.h(50,3): warning C4996: 'wcscpy': This function or variable may be unsafe. Consider using wcscpy_s instead. To disable deprecation, use _CRT_SECURE_NO_WARNINGS. See online help for details.
C:\Users\dongh\source\repos\컴포넌트 엔진\client\game\render.h(51,3): warning C4996: 'wcscat': This function or variable may be unsafe. Consider using wcscat_s instead. To disable deprecation, use _CRT_SECURE_NO_WARNINGS. See online help for details.
C:\Users\dongh\source\repos\컴포넌트 엔진\client\game\render.h(88,99): warning C4244: '인수': 'float'에서 'INT'(으)로 변환하면서 데이터가 손실될 수 있습니다.
C:\Users\dongh\source\repos\컴포넌트 엔진\client\game\render.h(88,167): warning C4244: '인수': 'float'에서 'INT'(으)로 변환하면서 데이터가 손실될 수 있습니다.
C:\Users\dongh\source\repos\컴포넌트 엔진\client\game\render.h(144,49): warning C4244: '인수': 'float'에서 'int'(으)로 변환하면서 데이터가 손실될 수 있습니다.
C:\Users\dongh\source\repos\컴포넌트 엔진\client\game\render.h(144,36): warning C4244: '인수': 'float'에서 'int'(으)로 변환하면서 데이터가 손실될 수 있습니다.
C:\Users\dongh\source\repos\컴포넌트 엔진\client\game\render.h(145,49): warning C4244: '인수': 'float'에서 'int'(으)로 변환하면서 데이터가 손실될 수 있습니다.
C:\Users\dongh\source\repos\컴포넌트 엔진\client\game\render.h(145,36): warning C4244: '인수': 'float'에서 'int'(으)로 변환하면서 데이터가 손실될 수 있습니다.
C:\Users\dongh\source\repos\컴포넌트 엔진\client\game\render.h(146,49): warning C4244: '인수': 'float'에서 'int'(으)로 변환하면서 데이터가 손실될 수 있습니다.
C:\Users\dongh\source\repos\컴포넌트 엔진\client\game\render.h(146,36): warning C4244: '인수': 'float'에서 'int'(으)로 변환하면서 데이터가 손실될 수 있습니다.
C:\Users\dongh\source\repos\컴포넌트 엔진\client\game\render.h(154,59): warning C4244: '인수': 'float'에서 'int'(으)로 변환하면서 데이터가 손실될 수 있습니다.
C:\Users\dongh\source\repos\컴포넌트 엔진\client\game\render.h(154,41): warning C4244: '인수': 'float'에서 'int'(으)로 변환하면서 데이터가 손실될 수 있습니다.
C:\Users\dongh\source\repos\컴포넌트 엔진\client\game\render.h(160,60): warning C4244: '인수': 'float'에서 'int'(으)로 변환하면서 데이터가 손실될 수 있습니다.
C:\Users\dongh\source\repos\컴포넌트 엔진\client\game\render.h(160,42): warning C4244: '인수': 'float'에서 'int'(으)로 변환하면서 데이터가 손실될 수 있습니다.
C:\Users\dongh\source\repos\컴포넌트 엔진\client\game\render.h(164,60): warning C4244: '인수': 'float'에서 'int'(으)로 변환하면서 데이터가 손실될 수 있습니다.
C:\Users\dongh\source\repos\컴포넌트 엔진\client\game\render.h(164,42): warning C4244: '인수': 'float'에서 'int'(으)로 변환하면서 데이터가 손실될 수 있습니다.
C:\Users\dongh\source\repos\컴포넌트 엔진\client\game\render.h(171,60): warning C4244: '인수': 'float'에서 'int'(으)로 변환하면서 데이터가 손실될 수 있습니다.
C:\Users\dongh\source\repos\컴포넌트 엔진\client\game\render.h(171,42): warning C4244: '인수': 'float'에서 'int'(으)로 변환하면서 데이터가 손실될 수 있습니다.
C:\Users\dongh\source\repos\컴포넌트 엔진\client\game\render.h(179,46): warning C4244: '인수': 'float'에서 'int'(으)로 변환하면서 데이터가 손실될 수 있습니다.
C:\Users\dongh\source\repos\컴포넌트 엔진\client\game\render.h(179,33): warning C4244: '인수': 'float'에서 'int'(으)로 변환하면서 데이터가 손실될 수 있습니다.
C:\Users\dongh\source\repos\컴포넌트 엔진\client\game\render.h(183,46): warning C4244: '인수': 'float'에서 'int'(으)로 변환하면서 데이터가 손실될 수 있습니다.
C:\Users\dongh\source\repos\컴포넌트 엔진\client\game\render.h(183,33): warning C4244: '인수': 'float'에서 'int'(으)로 변환하면서 데이터가 손실될 수 있습니다.
C:\Users\dongh\source\repos\컴포넌트 엔진\client\game\render.h(189,92): warning C4244: '인수': 'float'에서 'int'(으)로 변환하면서 데이터가 손실될 수 있습니다.
C:\Users\dongh\source\repos\컴포넌트 엔진\client\game\render.h(189,77): warning C4244: '인수': 'float'에서 'int'(으)로 변환하면서 데이터가 손실될 수 있습니다.
C:\Users\dongh\source\repos\컴포넌트 엔진\client\game\render.h(189,66): warning C4244: '인수': 'float'에서 'int'(으)로 변환하면서 데이터가 손실될 수 있습니다.
C:\Users\dongh\source\repos\컴포넌트 엔진\client\game\render.h(189,55): warning C4244: '인수': 'float'에서 'int'(으)로 변환하면서 데이터가 손실될 수 있습니다.
C:\Users\dongh\source\repos\컴포넌트 엔진\client\game\audio.h(68,4): warning C4996: 'itoa': The POSIX name for this item is deprecated. Instead, use the ISO C and C++ conformant name: _itoa. See online help for details.
C:\Users\dongh\source\repos\컴포넌트 엔진\client\client.cpp(117,132): warning C4244: '인수': 'int'에서 'float'(으)로 변환하면서 데이터가 손실될 수 있습니다.
C:\Users\dongh\source\repos\컴포넌트 엔진\client\client.cpp(117,115): warning C4244: '인수': 'int'에서 'float'(으)로 변환하면서 데이터가 손실될 수 있습니다.
C:\Users\dongh\source\repos\컴포넌트 엔진\client\client.cpp(117,87): warning C4244: '인수': 'int'에서 'float'(으)로 변환하면서 데이터가 손실될 수 있습니다.
C:\Users\dongh\source\repos\컴포넌트 엔진\client\client.cpp(117,70): warning C4244: '인수': 'int'에서 'float'(으)로 변환하면서 데이터가 손실될 수 있습니다.
C:\Users\dongh\source\repos\컴포넌트 엔진\client\client.cpp(224,45): warning C4244: '인수': 'int'에서 'float'(으)로 변환하면서 데이터가 손실될 수 있습니다.
  코드를 생성하고 있습니다.
  3 of 822 functions ( 0.4%) were compiled, the rest were copied from previous compilation.
    0 functions were new in current compilation
    0 functions had inline decision re-evaluated but remain unchanged
  코드를 생성했습니다.
  client.vcxproj -> C:\Users\dongh\source\repos\컴포넌트 엔진\x64\Release\client.exe
